<?xml version="1.0" encoding="UTF-8"?>
<testsuite name="solution.AprTests" tests="1" skipped="0" failures="0" errors="0" timestamp="2021-12-06T20:17:07" hostname="DESKTOP-V7JQREG" time="0.806">
  <properties/>
  <testcase name="testValues()" classname="solution.AprTests" time="0.806"/>
  <system-out><![CDATA[]]></system-out>
  <system-err><![CDATA[]]></system-err>
</testsuite>
